Temp/gradleOut/launcher/build/intermediates/manifest_merge_blame_file/release/manifest-merger-blame-release-report.txt
1<?xml version="1.0" encoding="utf-8"?>
2<!-- GENERATED BY UNITY. REMOVE THIS COMMENT TO PREVENT OVERWRITING WHEN EXPORTING AGAIN -->
3<manifest xmlns:android="http://schemas.android.com/apk/res/android"
4    package="com.DefaultCompany.DyplomProject"
5    android:installLocation="preferExternal"
6    android:versionCode="1"
7    android:versionName="0.1" >
8
9    <uses-sdk
10        android:minSdkVersion="24"
10-->src/main/AndroidManifest.xml
11        android:targetSdkVersion="29" />
11-->src/main/AndroidManifest.xml
12
13    <supports-screens
13-->src/main/AndroidManifest.xml:4:3-163
14        android:anyDensity="true"
14-->src/main/AndroidManifest.xml:4:135-160
15        android:largeScreens="true"
15-->src/main/AndroidManifest.xml:4:78-105
16        android:normalScreens="true"
16-->src/main/AndroidManifest.xml:4:49-77
17        android:smallScreens="true"
17-->src/main/AndroidManifest.xml:4:21-48
18        android:xlargeScreens="true" />
18-->src/main/AndroidManifest.xml:4:106-134
19
20    <uses-permission android:name="android.permission.CAMERA" />
20-->[:unityLibrary] AndroidManifest.xml:11:5-65
20-->[:unityLibrary] AndroidManifest.xml:11:22-62
21    <uses-permission android:name="android.permission.WRITE_EXTERNAL_STORAGE" />
21-->[:unityLibrary] AndroidManifest.xml:12:5-81
21-->[:unityLibrary] AndroidManifest.xml:12:22-78
22    <uses-permission android:name="android.permission.INTERNET" /> <!-- Tell the system this app requires OpenGL ES 2.0. -->
22-->[:unityLibrary] AndroidManifest.xml:13:5-67
22-->[:unityLibrary] AndroidManifest.xml:13:22-64
23    <uses-feature
23-->[:unityLibrary] AndroidManifest.xml:15:5-17:35
24        android:glEsVersion="0x00020000"
24-->[:unityLibrary] AndroidManifest.xml:16:9-41
25        android:required="true" /> <!-- rear facing cam -->
25-->[:unityLibrary] AndroidManifest.xml:17:9-32
26    <uses-feature
26-->[:unityLibrary] AndroidManifest.xml:19:5-21:35
27        android:name="android.hardware.camera"
27-->[:unityLibrary] AndroidManifest.xml:20:9-47
28        android:required="true" />
28-->[:unityLibrary] AndroidManifest.xml:21:9-32
29    <uses-feature
29-->[:unityLibrary] AndroidManifest.xml:30:5-32:36
30        android:name="android.hardware.camera.autofocus"
30-->[:unityLibrary] AndroidManifest.xml:31:9-57
31        android:required="false" />
31-->[:unityLibrary] AndroidManifest.xml:32:9-33
32    <uses-feature
32-->[:unityLibrary] AndroidManifest.xml:33:5-35:36
33        android:name="android.hardware.camera.front"
33-->[:unityLibrary] AndroidManifest.xml:34:9-53
34        android:required="false" />
34-->[:unityLibrary] AndroidManifest.xml:35:9-33
35    <uses-feature
35-->[:unityLibrary] AndroidManifest.xml:36:5-38:36
36        android:name="android.hardware.touchscreen"
36-->[:unityLibrary] AndroidManifest.xml:37:9-52
37        android:required="false" />
37-->[:unityLibrary] AndroidManifest.xml:38:9-33
38    <uses-feature
38-->[:unityLibrary] AndroidManifest.xml:39:5-41:36
39        android:name="android.hardware.touchscreen.multitouch"
39-->[:unityLibrary] AndroidManifest.xml:40:9-63
40        android:required="false" />
40-->[:unityLibrary] AndroidManifest.xml:41:9-33
41    <uses-feature
41-->[:unityLibrary] AndroidManifest.xml:42:5-44:36
42        android:name="android.hardware.touchscreen.multitouch.distinct"
42-->[:unityLibrary] AndroidManifest.xml:43:9-72
43        android:required="false" />
43-->[:unityLibrary] AndroidManifest.xml:44:9-33
44
45    <queries>
45-->[:core-1.19.0:] AndroidManifest.xml:29:5-31:15
46        <package android:name="com.google.ar.core" />
46-->[:core-1.19.0:] AndroidManifest.xml:30:9-54
46-->[:core-1.19.0:] AndroidManifest.xml:30:18-51
47    </queries>
48
49    <application
49-->src/main/AndroidManifest.xml:5:3-116
50        android:extractNativeLibs="true"
50-->src/main/AndroidManifest.xml:5:16-48
51        android:icon="@mipmap/app_icon"
51-->src/main/AndroidManifest.xml:5:82-113
52        android:label="@string/app_name" >
52-->src/main/AndroidManifest.xml:5:49-81
53        <activity
53-->[:unityLibrary] AndroidManifest.xml:49:9-64:20
54            android:name="com.unity3d.player.UnityPlayerActivity"
54-->[:unityLibrary] AndroidManifest.xml:50:13-66
55            android:configChanges="mcc|mnc|locale|touchscreen|keyboard|keyboardHidden|navigation|orientation|screenLayout|uiMode|screenSize|smallestScreenSize|fontScale|layoutDirection|density"
55-->[:unityLibrary] AndroidManifest.xml:51:13-194
56            android:hardwareAccelerated="false"
56-->[:unityLibrary] AndroidManifest.xml:52:13-48
57            android:launchMode="singleTask"
57-->[:unityLibrary] AndroidManifest.xml:53:13-44
58            android:screenOrientation="fullSensor" >
58-->[:unityLibrary] AndroidManifest.xml:54:13-51
59            <intent-filter>
59-->[:unityLibrary] AndroidManifest.xml:55:13-59:29
60                <action android:name="android.intent.action.MAIN" />
60-->[:unityLibrary] AndroidManifest.xml:56:17-69
60-->[:unityLibrary] AndroidManifest.xml:56:25-66
61
62                <category android:name="android.intent.category.LAUNCHER" />
62-->[:unityLibrary] AndroidManifest.xml:58:17-77
62-->[:unityLibrary] AndroidManifest.xml:58:27-74
63            </intent-filter>
64
65            <meta-data
65-->[:unityLibrary] AndroidManifest.xml:61:13-63:40
66                android:name="android.notch_support"
66-->[:unityLibrary] AndroidManifest.xml:62:17-53
67                android:value="true" />
67-->[:unityLibrary] AndroidManifest.xml:63:17-37
68        </activity>
69
70        <meta-data
70-->[:unityLibrary] AndroidManifest.xml:66:9-68:40
71            android:name="com.google.ar.core"
71-->[:unityLibrary] AndroidManifest.xml:67:13-46
72            android:value="optional" />
72-->[:unityLibrary] AndroidManifest.xml:68:13-37
73        <meta-data
73-->[:unityLibrary] AndroidManifest.xml:69:9-71:33
74            android:name="unity.splash-mode"
74-->[:unityLibrary] AndroidManifest.xml:70:13-45
75            android:value="0" />
75-->[:unityLibrary] AndroidManifest.xml:71:13-30
76        <meta-data
76-->[:unityLibrary] AndroidManifest.xml:72:9-74:36
77            android:name="unity.splash-enable"
77-->[:unityLibrary] AndroidManifest.xml:73:13-47
78            android:value="True" />
78-->[:unityLibrary] AndroidManifest.xml:74:13-33
79        <meta-data
79-->[:unityLibrary] AndroidManifest.xml:75:9-77:50
80            android:name="notch.config"
80-->[:unityLibrary] AndroidManifest.xml:76:13-40
81            android:value="portrait|landscape" />
81-->[:unityLibrary] AndroidManifest.xml:77:13-47
82        <meta-data
82-->[:unityLibrary] AndroidManifest.xml:78:9-80:68
83            android:name="unity.build-id"
83-->[:unityLibrary] AndroidManifest.xml:79:13-42
84            android:value="1113b9ba-a411-4619-bad9-aa655f0810e8" /> <!-- The minimal version code of ARCore APK required for an app using this SDK. -->
84-->[:unityLibrary] AndroidManifest.xml:80:13-65
85        <meta-data
85-->[:core-1.19.0:] AndroidManifest.xml:36:9-38:41
86            android:name="com.google.ar.core.min_apk_version"
86-->[:core-1.19.0:] AndroidManifest.xml:37:13-62
87            android:value="201750000" /> <!-- This activity is critical for installing ARCore when it is not already present. -->
87-->[:core-1.19.0:] AndroidManifest.xml:38:13-38
88        <activity
88-->[:core-1.19.0:] AndroidManifest.xml:40:9-46:80
89            android:name="com.google.ar.core.InstallActivity"
89-->[:core-1.19.0:] AndroidManifest.xml:41:13-62
90            android:configChanges="keyboardHidden|orientation|screenSize"
90-->[:core-1.19.0:] AndroidManifest.xml:42:13-74
91            android:excludeFromRecents="true"
91-->[:core-1.19.0:] AndroidManifest.xml:43:13-46
92            android:exported="false"
92-->[:core-1.19.0:] AndroidManifest.xml:44:13-37
93            android:launchMode="singleTop"
93-->[:core-1.19.0:] AndroidManifest.xml:45:13-43
94            android:theme="@android:style/Theme.Material.Light.Dialog.Alert" />
94-->[:core-1.19.0:] AndroidManifest.xml:46:13-77
95    </application>
96
97</manifest>